<?xml version="1.0" encoding="UTF-8" ?>
<testsuite failures="0" time="0.199" errors="0" skipped="0" tests="5" name="com.riseful.jesscooljava.dao.TestTagDao">
  <properties>
    <property name="java.runtime.name" value="Java(TM) SE Runtime Environment"/>
    <property name="sun.boot.library.path" value="/home/auscar/java/jdk1.6.0_17/jre/lib/i386"/>
    <property name="java.vm.version" value="14.3-b01"/>
    <property name="java.vm.vendor" value="Sun Microsystems Inc."/>
    <property name="java.vendor.url" value="http://java.sun.com/"/>
    <property name="path.separator" value=":"/>
    <property name="java.vm.name" value="Java HotSpot(TM) Client VM"/>
    <property name="file.encoding.pkg" value="sun.io"/>
    <property name="user.country" value="CN"/>
    <property name="sun.java.launcher" value="SUN_STANDARD"/>
    <property name="sun.os.patch.level" value="unknown"/>
    <property name="java.vm.specification.name" value="Java Virtual Machine Specification"/>
    <property name="user.dir" value="/home/auscar/projects/jesscooljava"/>
    <property name="java.runtime.version" value="1.6.0_17-b04"/>
    <property name="java.awt.graphicsenv" value="sun.awt.X11GraphicsEnvironment"/>
    <property name="basedir" value="/home/auscar/projects/jesscooljava"/>
    <property name="java.endorsed.dirs" value="/home/auscar/java/jdk1.6.0_17/jre/lib/endorsed"/>
    <property name="os.arch" value="i386"/>
    <property name="surefire.real.class.path" value="/tmp/surefirebooter2372479301081989052.jar"/>
    <property name="java.io.tmpdir" value="/tmp"/>
    <property name="line.separator" value="
"/>
    <property name="java.vm.specification.vendor" value="Sun Microsystems Inc."/>
    <property name="os.name" value="Linux"/>
    <property name="sun.jnu.encoding" value="UTF-8"/>
    <property name="java.library.path" value="/home/auscar/java/jdk1.6.0_17/jre/lib/i386/client:/home/auscar/java/jdk1.6.0_17/jre/lib/i386:/home/auscar/java/jdk1.6.0_17/jre/../lib/i386:/usr/java/packages/lib/i386:/lib:/usr/lib"/>
    <property name="surefire.test.class.path" value="/home/auscar/projects/jesscooljava/target/test-classes:/home/auscar/projects/jesscooljava/target/classes:/home/auscar/repo/junit/junit/3.8.1/junit-3.8.1.jar:/home/auscar/repo/org/springframework/spring/1.2.6/spring-1.2.6.jar:/home/auscar/repo/commons-logging/commons-logging/1.1.1/commons-logging-1.1.1.jar:/home/auscar/repo/taglibs/standard/1.1.2/standard-1.1.2.jar:/home/auscar/repo/mysql/mysql-connector-java/5.1.6/mysql-connector-java-5.1.6.jar:/home/auscar/repo/log4j/log4j/1.2.12/log4j-1.2.12.jar:/home/auscar/repo/org/htmlparser/htmlparser/1.6/htmlparser-1.6.jar:/home/auscar/java/jdk1.6.0_17/jre/../lib/tools.jar:"/>
    <property name="java.specification.name" value="Java Platform API Specification"/>
    <property name="java.class.version" value="50.0"/>
    <property name="sun.management.compiler" value="HotSpot Client Compiler"/>
    <property name="os.version" value="2.6.31-17-generic"/>
    <property name="user.home" value="/home/auscar"/>
    <property name="user.timezone" value="PRC"/>
    <property name="java.awt.printerjob" value="sun.print.PSPrinterJob"/>
    <property name="file.encoding" value="UTF-8"/>
    <property name="java.specification.version" value="1.6"/>
    <property name="user.name" value="auscar"/>
    <property name="java.class.path" value="/home/auscar/projects/jesscooljava/target/test-classes:/home/auscar/projects/jesscooljava/target/classes:/home/auscar/repo/junit/junit/3.8.1/junit-3.8.1.jar:/home/auscar/repo/org/springframework/spring/1.2.6/spring-1.2.6.jar:/home/auscar/repo/commons-logging/commons-logging/1.1.1/commons-logging-1.1.1.jar:/home/auscar/repo/taglibs/standard/1.1.2/standard-1.1.2.jar:/home/auscar/repo/mysql/mysql-connector-java/5.1.6/mysql-connector-java-5.1.6.jar:/home/auscar/repo/log4j/log4j/1.2.12/log4j-1.2.12.jar:/home/auscar/repo/org/htmlparser/htmlparser/1.6/htmlparser-1.6.jar:/home/auscar/java/jdk1.6.0_17/jre/../lib/tools.jar:"/>
    <property name="java.vm.specification.version" value="1.0"/>
    <property name="sun.arch.data.model" value="32"/>
    <property name="java.home" value="/home/auscar/java/jdk1.6.0_17/jre"/>
    <property name="java.specification.vendor" value="Sun Microsystems Inc."/>
    <property name="user.language" value="zh"/>
    <property name="java.vm.info" value="mixed mode, sharing"/>
    <property name="java.version" value="1.6.0_17"/>
    <property name="java.ext.dirs" value="/home/auscar/java/jdk1.6.0_17/jre/lib/ext:/usr/java/packages/lib/ext"/>
    <property name="sun.boot.class.path" value="/home/auscar/java/jdk1.6.0_17/jre/lib/resources.jar:/home/auscar/java/jdk1.6.0_17/jre/lib/rt.jar:/home/auscar/java/jdk1.6.0_17/jre/lib/sunrsasign.jar:/home/auscar/java/jdk1.6.0_17/jre/lib/jsse.jar:/home/auscar/java/jdk1.6.0_17/jre/lib/jce.jar:/home/auscar/java/jdk1.6.0_17/jre/lib/charsets.jar:/home/auscar/java/jdk1.6.0_17/jre/classes"/>
    <property name="java.vendor" value="Sun Microsystems Inc."/>
    <property name="localRepository" value="/home/auscar/repo"/>
    <property name="file.separator" value="/"/>
    <property name="java.vendor.url.bug" value="http://java.sun.com/cgi-bin/bugreport.cgi"/>
    <property name="sun.cpu.endian" value="little"/>
    <property name="sun.io.unicode.encoding" value="UnicodeLittle"/>
    <property name="sun.desktop" value="gnome"/>
    <property name="sun.cpu.isalist" value=""/>
  </properties>
  <testcase time="0.032" classname="com.riseful.jesscooljava.dao.TestTagDao" name="testAddTag"/>
  <testcase time="0.05" classname="com.riseful.jesscooljava.dao.TestTagDao" name="testGetTagByid"/>
  <testcase time="0.049" classname="com.riseful.jesscooljava.dao.TestTagDao" name="testUpdateTag"/>
  <testcase time="0.024" classname="com.riseful.jesscooljava.dao.TestTagDao" name="testGetBiggestId"/>
  <testcase time="0.04" classname="com.riseful.jesscooljava.dao.TestTagDao" name="testDelTagById"/>
</testsuite>